\BOOKMARK [0][-]{section*.1}{\376\377\000D\000e\000c\000l\000a\000r\000a\000t\000i\000o\000n\000\040\000o\000f\000\040\000A\000u\000t\000h\000o\000r\000s\000h\000i\000p}{}% 1
\BOOKMARK [0][-]{section*.2}{\376\377\000A\000b\000s\000t\000r\000a\000c\000t}{}% 2
\BOOKMARK [0][-]{section*.3}{\376\377\000A\000c\000k\000n\000o\000w\000l\000e\000d\000g\000e\000m\000e\000n\000t\000s}{}% 3
\BOOKMARK [0][-]{chapter.14}{\376\377\000T\000h\000e\000r\000m\000a\000l\000\040\000c\000o\000n\000d\000u\000c\000t\000i\000v\000i\000t\000y\000\040\000a\000n\000d\000\040\000t\000h\000e\000\040\000E\000a\000r\000t\000h\000'\000s\000\040\000i\000n\000t\000e\000r\000i\000o\000r}{}% 4
\BOOKMARK [1][-]{section.15}{\376\377\000W\000h\000y\000\040\000i\000s\000\040\000t\000h\000e\000r\000m\000a\000l\000\040\000c\000o\000n\000d\000u\000c\000t\000i\000v\000i\000t\000y\000\040\000i\000m\000p\000o\000r\000t\000a\000n\000t\000?}{chapter.14}% 5
\BOOKMARK [2][-]{subsection.16}{\376\377\000M\000a\000n\000-\000m\000a\000d\000e\000\040\000a\000p\000p\000l\000i\000c\000a\000t\000i\000o\000n\000s}{section.15}% 6
\BOOKMARK [2][-]{subsection.17}{\376\377\000I\000n\000\040\000t\000h\000e\000\040\000c\000o\000n\000t\000e\000x\000t\000\040\000o\000f\000\040\000t\000h\000e\000\040\000E\000a\000r\000t\000h}{section.15}% 7
\BOOKMARK [1][-]{section.18}{\376\377\000W\000h\000a\000t\000\040\000i\000s\000\040\000t\000h\000e\000r\000m\000a\000l\000\040\000c\000o\000n\000d\000u\000c\000t\000i\000v\000i\000t\000y\000?}{chapter.14}% 8
\BOOKMARK [2][-]{subsection.19}{\376\377\000M\000e\000c\000h\000a\000n\000i\000s\000m\000s\000\040\000o\000f\000\040\000h\000e\000a\000t\000\040\000t\000r\000a\000n\000s\000p\000o\000r\000t}{section.18}% 9
\BOOKMARK [3][-]{section*.20}{\376\377\000E\000l\000e\000c\000t\000r\000o\000n}{subsection.19}% 10
\BOOKMARK [3][-]{section*.21}{\376\377\000P\000h\000o\000t\000o\000n}{subsection.19}% 11
\BOOKMARK [3][-]{section*.22}{\376\377\000P\000h\000o\000n\000o\000n}{subsection.19}% 12
\BOOKMARK [2][-]{subsection.23}{\376\377\000W\000h\000a\000t\000\040\000a\000f\000f\000e\000c\000t\000s\000\040\000i\000t\000?}{section.18}% 13
\BOOKMARK [1][-]{section.24}{\376\377\000P\000r\000e\000v\000i\000o\000u\000s\000\040\000w\000o\000r\000k\000\040\000-\000\040\000g\000e\000o\000p\000h\000y\000s\000i\000c\000s}{chapter.14}% 14
\BOOKMARK [2][-]{subsection.25}{\376\377\000S\000T\000U\000F\000F\000\040\000T\000H\000A\000T\000\040\000I\000S\000\040\000I\000N\000F\000L\000U\000E\000N\000C\000E\000D\000\040\000B\000Y\000\040\000C\000O\000N\000D\000U\000C\000T\000I\000V\000I\000T\000Y}{section.24}% 15
\BOOKMARK [3][-]{section*.26}{\376\377\000M\000a\000n\000t\000l\000e\000\040\000d\000y\000n\000a\000m\000i\000c\000s}{subsection.25}% 16
\BOOKMARK [3][-]{section*.27}{\376\377\000H\000e\000a\000t\000\040\000f\000l\000o\000w}{subsection.25}% 17
\BOOKMARK [3][-]{section*.28}{\376\377\000G\000e\000o\000m\000a\000g\000n\000e\000t\000i\000s\000m}{subsection.25}% 18
\BOOKMARK [2][-]{subsection.29}{\376\377\000D\000E\000T\000E\000R\000M\000I\000N\000A\000T\000I\000O\000N\000S\000\040\000O\000F\000\040\000T\000C\000\040\000F\000O\000R\000\040\000E\000A\000R\000T\000H\000\040\000M\000A\000T\000E\000R\000I\000A\000L\000S\000/\000C\000O\000N\000D\000I\000T\000I\000O\000N\000S}{section.24}% 19
\BOOKMARK [3][-]{section*.30}{\376\377\000E\000x\000p\000e\000r\000i\000m\000e\000n\000t\000s}{subsection.29}% 20
\BOOKMARK [3][-]{section*.31}{\376\377\000C\000a\000l\000c\000u\000l\000a\000t\000i\000o\000n\000s}{subsection.29}% 21
\BOOKMARK [3][-]{section*.33}{\376\377\000R\000a\000d\000i\000a\000t\000i\000v\000e\000\040\000c\000o\000n\000d\000u\000c\000t\000i\000v\000i\000t\000y}{subsection.29}% 22
\BOOKMARK [1][-]{section.34}{\376\377\000T\000h\000e\000s\000i\000s\000\040\000o\000u\000t\000l\000i\000n\000e}{chapter.14}% 23
\BOOKMARK [2][-]{subsection.35}{\376\377\000A\000i\000m\000s}{section.34}% 24
\BOOKMARK [2][-]{subsection.36}{\376\377\000O\000b\000j\000e\000c\000t\000i\000v\000e\000s}{section.34}% 25
\BOOKMARK [0][-]{chapter.37}{\376\377\000I\000n\000t\000r\000o\000/\000B\000a\000c\000k\000g\000r\000o\000u\000n\000d\000/\000T\000h\000e\000o\000r\000y\000\040\0002}{}% 26
\BOOKMARK [1][-]{section.38}{\376\377\000A\000t\000o\000m\000i\000c\000-\000s\000c\000a\000l\000e\000\040\000m\000o\000d\000e\000l\000l\000i\000n\000g}{chapter.37}% 27
\BOOKMARK [2][-]{subsection.39}{\376\377\000M\000o\000l\000e\000c\000u\000l\000a\000r\000\040\000d\000y\000n\000a\000m\000i\000c\000s}{section.38}% 28
\BOOKMARK [3][-]{section*.40}{\376\377\000P\000a\000r\000a\000m\000e\000t\000e\000r\000\040\000d\000r\000i\000f\000t\000/\000c\000o\000n\000v\000e\000r\000g\000e\000n\000c\000e}{subsection.39}% 29
\BOOKMARK [2][-]{subsection.41}{\376\377\000I\000n\000t\000e\000r\000a\000t\000o\000m\000i\000c\000\040\000p\000o\000t\000e\000n\000t\000i\000a\000l\000s\000\040\000/\000\040\000A\000t\000o\000m\000i\000c\000\040\000i\000n\000t\000e\000r\000a\000c\000t\000i\000o\000n\000s\000?}{section.38}% 30
\BOOKMARK [2][-]{subsection.42}{\376\377\000L\000A\000M\000M\000P\000S}{section.38}% 31
\BOOKMARK [2][-]{subsection.43}{\376\377\000D\000F\000T\000/\000o\000t\000h\000e\000r}{section.38}% 32
\BOOKMARK [1][-]{section.44}{\376\377\000C\000o\000m\000p\000u\000t\000i\000n\000g\000\040\000t\000h\000e\000r\000m\000a\000l\000\040\000c\000o\000n\000d\000u\000c\000t\000i\000v\000i\000t\000y}{chapter.37}% 33
\BOOKMARK [2][-]{subsection.45}{\376\377\000F\000i\000n\000i\000t\000e\000-\000s\000i\000z\000e\000\040\000e\000f\000f\000e\000c\000t\000s}{section.44}% 34
\BOOKMARK [2][-]{subsection.46}{\376\377\000D\000i\000r\000e\000c\000t\000\040\000m\000e\000t\000h\000o\000d}{section.44}% 35
\BOOKMARK [3][-]{section*.48}{\376\377\000S\000y\000s\000t\000e\000m\000\040\000s\000e\000t\000u\000p}{subsection.46}% 36
\BOOKMARK [3][-]{section*.52}{\376\377\000D\000a\000t\000a\000\040\000p\000r\000o\000c\000e\000s\000s\000i\000n\000g}{subsection.46}% 37
\BOOKMARK [3][-]{section*.55}{\376\377\000F\000i\000n\000i\000t\000e\000-\000s\000i\000z\000e\000\040\000e\000f\000f\000e\000c\000t\000s}{subsection.46}% 38
\BOOKMARK [3][-]{section*.56}{\376\377\000O\000t\000h\000e\000r\000\040\000N\000E\000M\000D}{subsection.46}% 39
\BOOKMARK [2][-]{subsection.57}{\376\377\000G\000r\000e\000e\000n\000-\000K\000u\000b\000o}{section.44}% 40
\BOOKMARK [2][-]{subsection.62}{\376\377\000O\000t\000h\000e\000r}{section.44}% 41
\BOOKMARK [1][-]{section.63}{\376\377\000P\000r\000e\000v\000i\000o\000u\000s\000\040\000w\000o\000r\000k}{chapter.37}% 42
\BOOKMARK [2][-]{subsection.64}{\376\377\000M\000e\000t\000h\000o\000d\000\040\000c\000o\000m\000p\000a\000r\000i\000s\000o\000n}{section.63}% 43
\BOOKMARK [2][-]{subsection.65}{\376\377\000F\000i\000n\000i\000t\000e\000-\000s\000i\000z\000e\000\040\000e\000f\000f\000e\000c\000t\000s}{section.63}% 44
\BOOKMARK [3][-]{section*.66}{\376\377\000S\000T\000U\000F\000F\000\040\000T\000H\000A\000T\000\040\000M\000I\000G\000H\000T\000\040\000B\000E\000\040\000W\000R\000O\000N\000G\000\040\000B\000E\000C\000A\000U\000S\000E\000\040\000F\000S\000E\000?}{subsection.65}% 45
\BOOKMARK [0][-]{chapter.67}{\376\377\000C\000o\000n\000s\000t\000r\000a\000i\000n\000i\000n\000g\000\040\000t\000h\000e\000\040\000f\000i\000n\000i\000t\000e\000-\000s\000i\000z\000e\000\040\000e\000f\000f\000e\000c\000t\000s\000\040\000o\000f\000\040\000m\000o\000l\000e\000c\000u\000l\000a\000r\000\040\000d\000y\000n\000a\000m\000i\000c\000s\000\040\000m\000e\000t\000h\000o\000d\000s\000\040\000t\000o\000\040\000c\000o\000m\000p\000u\000t\000e\000\040\000t\000h\000e\000r\000m\000a\000l\000\040\000c\000o\000d\000u\000c\000t\000i\000v\000i\000t\000y}{}% 46
\BOOKMARK [1][-]{section.68}{\376\377\000I\000n\000t\000r\000o\000d\000u\000c\000t\000i\000o\000n}{chapter.67}% 47
\BOOKMARK [2][-]{subsection.69}{\376\377\000F\000i\000n\000i\000t\000e\000-\000s\000i\000z\000e\000\040\000e\000f\000f\000e\000c\000t\000s}{section.68}% 48
\BOOKMARK [1][-]{section.70}{\376\377\000C\000o\000m\000p\000u\000t\000a\000t\000i\000o\000n\000a\000l\000\040\000a\000p\000p\000r\000o\000a\000c\000h\000e\000s}{chapter.67}% 49
\BOOKMARK [2][-]{subsection.71}{\376\377\000D\000i\000r\000e\000c\000t\000\040\000m\000e\000t\000h\000o\000d}{section.70}% 50
\BOOKMARK [2][-]{subsection.72}{\376\377\000G\000r\000e\000e\000n\000-\000K\000u\000b\000o}{section.70}% 51
\BOOKMARK [1][-]{section.73}{\376\377\000R\000e\000s\000u\000l\000t\000s}{chapter.67}% 52
\BOOKMARK [2][-]{subsection.74}{\376\377\000G\000r\000e\000e\000n\000-\000K\000u\000b\000o}{section.73}% 53
\BOOKMARK [2][-]{subsection.75}{\376\377\000D\000i\000r\000e\000c\000t\000\040\000m\000e\000t\000h\000o\000d}{section.73}% 54
\BOOKMARK [1][-]{section.76}{\376\377\000S\000u\000m\000m\000a\000r\000y}{chapter.67}% 55
\BOOKMARK [0][-]{chapter.77}{\376\377\000M\000o\000d\000e\000l\000l\000i\000n\000g\000\040\000t\000h\000e\000\040\000t\000h\000e\000r\000m\000a\000l\000\040\000c\000o\000n\000d\000u\000c\000t\000i\000v\000i\000t\000y\000\040\000o\000f\000\040\000F\000e\000-\000b\000e\000a\000r\000i\000n\000g\000\040\000b\000r\000i\000d\000g\000m\000a\000n\000i\000t\000e\000\040\000a\000t\000\040\000t\000h\000e\000\040\000C\000M\000B}{}% 56
\BOOKMARK [1][-]{section.78}{\376\377\000S\000i\000m\000u\000l\000a\000t\000i\000n\000g\000\040\000t\000h\000e\000\040\000e\000f\000f\000e\000c\000t\000\040\000o\000f\000\040\000a\000t\000o\000m\000i\000c\000\040\000i\000m\000p\000u\000r\000i\000t\000i\000e\000s}{chapter.77}% 57
\BOOKMARK [2][-]{subsection.80}{\376\377\000H\000o\000w\000\040\000d\000o\000\040\000i\000m\000p\000u\000r\000i\000t\000i\000e\000s\000\040\000a\000f\000f\000e\000c\000t\000\040\000c\000o\000n\000d\000u\000c\000t\000i\000v\000i\000t\000y\000?}{section.78}% 58
\BOOKMARK [3][-]{section*.83}{\376\377\0000\000/\000D\000\040\000o\000v\000e\000r\000v\000i\000e\000w}{subsection.80}% 59
\BOOKMARK [3][-]{section*.84}{\376\377\000W\000h\000a\000t\000\040\000e\000f\000f\000e\000c\000t\000s\000\040\000t\000h\000e\000\040\000m\000a\000g\000n\000i\000t\000u\000d\000e\000\040\000o\000f\000\040\000i\000m\000p\000u\000r\000i\000t\000y\000\040\000s\000c\000a\000t\000t\000e\000r\000i\000n\000g\000?}{subsection.80}% 60
\BOOKMARK [2][-]{subsection.87}{\376\377\000\040\000a\000n\000d\000\040\000\040\000i\000n\000\040\000d\000e\000p\000t\000h}{section.78}% 61
\BOOKMARK [1][-]{section.96}{\376\377\000M\000e\000t\000h\000o\000d\000o\000l\000o\000g\000y}{chapter.77}% 62
\BOOKMARK [2][-]{subsection.97}{\376\377\000H\000o\000w\000\040\000d\000o\000e\000s\000\040\000i\000r\000o\000n\000\040\000b\000e\000h\000a\000v\000e\000?}{section.96}% 63
\BOOKMARK [2][-]{subsection.101}{\376\377\000W\000h\000e\000r\000e\000\040\000d\000o\000\040\000t\000h\000e\000\040\000i\000m\000p\000u\000r\000i\000t\000i\000e\000s\000\040\000g\000o\000?}{section.96}% 64
\BOOKMARK [1][-]{section.103}{\376\377\000R\000e\000s\000u\000l\000t\000s}{chapter.77}% 65
\BOOKMARK [1][-]{section.107}{\376\377\000P\000a\000r\000a\000m\000e\000t\000e\000r\000i\000s\000i\000n\000g\000\040\000c\000o\000m\000p\000o\000s\000i\000t\000i\000o\000n\000\040\000a\000n\000d\000\040\000t\000e\000m\000p\000e\000r\000a\000t\000u\000r\000e\000\040\000e\000f\000f\000e\000c\000t\000s\000\040\000o\000n\000\040\000C\000M\000B\000\040\000c\000o\000n\000d\000u\000c\000t\000i\000v\000i\000t\000y}{chapter.77}% 66
\BOOKMARK [2][-]{subsection.108}{\376\377\000P\000a\000r\000a\000m\000e\000t\000e\000r\000i\000s\000i\000n\000g\000\040\000t\000h\000e\000\040\000d\000a\000t\000a\000\040\000f\000i\000t}{section.107}% 67
\BOOKMARK [3][-]{section*.109}{\376\377\000C\000o\000m\000p\000o\000s\000i\000t\000i\000o\000n\000a\000l\000\040\000d\000e\000p\000e\000n\000d\000e\000n\000c\000e}{subsection.108}% 68
\BOOKMARK [3][-]{section*.117}{\376\377\000W\000h\000y\000\040\000d\000o\000e\000s\000\040\000t\000h\000i\000s\000\040\000m\000o\000d\000e\000l\000\040\000w\000o\000r\000k\000?}{subsection.108}% 69
\BOOKMARK [3][-]{section*.119}{\376\377\000T\000e\000m\000p\000e\000r\000a\000t\000u\000r\000e\000\040\000d\000e\000p\000e\000n\000d\000e\000n\000c\000e}{subsection.108}% 70
\BOOKMARK [2][-]{subsection.129}{\376\377\000M\000E\000A\000N\000\040\000F\000R\000E\000E\000\040\000P\000A\000T\000H}{section.107}% 71
\BOOKMARK [3][-]{section*.130}{\376\377\000M\000F\000P\000\040\000F\000R\000O\000M\000\040\000D\000M\000\040\000E\000X\000T\000R\000A\000P\000O\000L\000A\000T\000I\000O\000N}{subsection.129}% 72
\BOOKMARK [3][-]{section*.132}{\376\377\000S\000C\000A\000L\000I\000N\000G\000\040\000M\000F\000P\000\040\000T\000O\000\040\000Q\000U\000A\000N\000T\000I\000F\000Y\000\040\000P\000H\000O\000N\000O\000N\000-\000D\000E\000F\000E\000C\000T\000\040\000S\000C\000A\000T\000T\000E\000R\000I\000N\000G}{subsection.129}% 73
\BOOKMARK [3][-]{section*.133}{\376\377\000C\000\050\0001\000-\000C\000\051\000\040\000M\000O\000D\000E\000L\000\040\000L\000I\000M\000I\000T\000A\000T\000I\000O\000N\000S}{subsection.129}% 74
\BOOKMARK [3][-]{section*.134}{\376\377\000D\000M\000\040\000A\000N\000A\000L\000Y\000S\000I\000S\000\040\000-\000\040\000P\000H\000-\000B\000\040\000S\000C\000A\000T\000T\000E\000R\000I\000N\000G\000\040\000A\000N\000D\000\040\000S\000H\000O\000R\000T\000E\000S\000T\000\040\000C\000E\000L\000L}{subsection.129}% 75
\BOOKMARK [3][-]{section*.135}{\376\377\000M\000A\000S\000S\000\040\000V\000S\000.\000\040\000P\000O\000T\000E\000N\000T\000I\000A\000L\000\040\000I\000N\000\040\000M\000O\000D\000E\000L\000L\000I\000N\000G\000\040\000F\000E}{subsection.129}% 76
\BOOKMARK [0][-]{chapter.136}{\376\377\000M\000o\000d\000e\000l\000l\000i\000n\000g\000\040\000t\000h\000e\000\040\000l\000o\000w\000e\000r\000\040\000m\000a\000n\000t\000l\000e\000\040\000w\000i\000t\000h\000\040\000v\000a\000r\000i\000a\000b\000l\000e\000\040\000t\000h\000e\000r\000m\000a\000l\000\040\000c\000o\000n\000d\000u\000c\000t\000i\000v\000i\000t\000y}{}% 77
\BOOKMARK [1][-]{section.137}{\376\377\000M\000a\000i\000n\000\040\000S\000e\000c\000t\000i\000o\000n\000\040\0001}{chapter.136}% 78
\BOOKMARK [2][-]{subsection.138}{\376\377\000S\000u\000b\000s\000e\000c\000t\000i\000o\000n\000\040\0001}{section.137}% 79
\BOOKMARK [0][-]{chapter.139}{\376\377\000S\000u\000m\000m\000a\000r\000y\000/\000D\000i\000s\000c\000u\000s\000s\000i\000o\000n\000/\000C\000o\000n\000c\000l\000u\000s\000i\000o\000n}{}% 80
\BOOKMARK [1][-]{section.140}{\376\377\000M\000a\000i\000n\000\040\000S\000e\000c\000t\000i\000o\000n\000\040\0001}{chapter.139}% 81
\BOOKMARK [2][-]{subsection.141}{\376\377\000S\000u\000b\000s\000e\000c\000t\000i\000o\000n\000\040\0001}{section.140}% 82
\BOOKMARK [0][-]{appendix.142}{\376\377\000F\000r\000e\000q\000u\000e\000n\000t\000l\000y\000\040\000A\000s\000k\000e\000d\000\040\000Q\000u\000e\000s\000t\000i\000o\000n\000s}{}% 83
\BOOKMARK [1][-]{section.143}{\376\377\000H\000o\000w\000\040\000d\000o\000\040\000I\000\040\000c\000h\000a\000n\000g\000e\000\040\000t\000h\000e\000\040\000c\000o\000l\000o\000r\000s\000\040\000o\000f\000\040\000l\000i\000n\000k\000s\000?}{appendix.142}% 84
\BOOKMARK [0][-]{appendix*.144}{\376\377\000B\000i\000b\000l\000i\000o\000g\000r\000a\000p\000h\000y}{}% 85
